<?xml version="1.0" encoding="UTF-8"?>
<testng-results ignored="0" total="2" passed="2" failed="0" skipped="0">
  <reporter-output>
  </reporter-output>
  <suite started-at="2022-11-25T14:22:09 GMT+02:00" name="Default suite" finished-at="2022-11-25T14:22:22 GMT+02:00" duration-ms="12153">
    <groups>
    </groups>
    <test started-at="2022-11-25T14:22:09 GMT+02:00" name="Default test" finished-at="2022-11-25T14:22:22 GMT+02:00" duration-ms="12153">
      <class name="Html_auto">
        <test-method is-config="true" signature="login()[pri:0, instance:Html_auto@6aba2b86]" started-at="2022-11-25T14:22:09 GMT+02:00" name="login" finished-at="2022-11-25T14:22:15 GMT+02:00" duration-ms="5800" status="PASS">
          <reporter-output>
          </reporter-output>
        </test-method> <!-- login -->
        <test-method signature="sort_items_low_to_high()[pri:1, instance:Html_auto@6aba2b86]" started-at="2022-11-25T14:22:15 GMT+02:00" name="sort_items_low_to_high" finished-at="2022-11-25T14:22:18 GMT+02:00" duration-ms="3192" status="PASS">
          <reporter-output>
          </reporter-output>
        </test-method> <!-- sort_items_low_to_high -->
        <test-method signature="sort_items_high_to_low()[pri:2, instance:Html_auto@6aba2b86]" started-at="2022-11-25T14:22:18 GMT+02:00" name="sort_items_high_to_low" finished-at="2022-11-25T14:22:22 GMT+02:00" duration-ms="3140" status="PASS">
          <reporter-output>
          </reporter-output>
        </test-method> <!-- sort_items_high_to_low -->
      </class> <!-- Html_auto -->
    </test> <!-- Default test -->
  </suite> <!-- Default suite -->
</testng-results>
